<?xml version="1.0" encoding="UTF-8"?>
<testsuite xmlns:xsi="http://www.w3.org/2001/XMLSchema-instance" xsi:noNamespaceSchemaLocation="https://maven.apache.org/surefire/maven-surefire-plugin/xsd/surefire-test-report-3.0.xsd" version="3.0" name="com.teste.integracao.inttest.IntTestApplicationTests" time="1.798" tests="1" errors="0" skipped="0" failures="0">
  <properties>
[...]
</properties>
  <testcase name="contextLoads" classname="com.teste.integracao.inttest.IntTestApplicationTests" time="0.523">
    <system-out><![CDATA[22:41:52.134 [main] INFO org.springframework.test.context.support.AnnotationConfigContextLoaderUtils -- Could not detect default configuration classes for test class [com.teste.integracao.inttest.IntTestApplicationTests]: IntTestApplicationTests does not declare any static, non-private, non-final, nested classes annotated with @Configuration.
22:41:52.195 [main] INFO org.springframework.boot.test.context.SpringBootTestContextBootstrapper -- Found @SpringBootConfiguration com.teste.integracao.inttest.IntTestApplication for test class com.teste.integracao.inttest.IntTestApplicationTests

  .   ____          _            __ _ _
 /\\ / ___'_ __ _ _(_)_ __  __ _ \ \ \ \
( ( )\___ | '_ | '_| | '_ \/ _` | \ \ \ \
 \\/  ___)| |_)| | | | | || (_| |  ) ) ) )
  '  |____| .__|_| |_|_| |_\__, | / / / /
 =========|_|==============|___/=/_/_/_/
 :: Spring Boot ::                (v3.2.1)

2024-01-08T22:41:52.505-03:00  INFO 18478 --- [           main] c.t.i.inttest.IntTestApplicationTests    : Starting IntTestApplicationTests using Java 17.0.3 with PID 18478 (started by daniel in /home/daniel/development/Pessoal/java/int-test)
2024-01-08T22:41:52.506-03:00  INFO 18478 --- [           main] c.t.i.inttest.IntTestApplicationTests    : No active profile set, falling back to 1 default profile: "default"
2024-01-08T22:41:52.996-03:00  INFO 18478 --- [           main] f.a.AutowiredAnnotationBeanPostProcessor : Autowired annotation is not supported on static fields: public static java.lang.String com.teste.integracao.inttest.config.Bean.viacepHost
2024-01-08T22:41:53.280-03:00  INFO 18478 --- [           main] c.t.i.inttest.IntTestApplicationTests    : Started IntTestApplicationTests in 1.002 seconds (process running for 1.641)
]]></system-out>
    <system-err><![CDATA[SLF4J: Class path contains multiple SLF4J providers.
SLF4J: Found provider [ch.qos.logback.classic.spi.LogbackServiceProvider@79924b]
SLF4J: Found provider [org.slf4j.simple.SimpleServiceProvider@7b9a4292]
SLF4J: See https://www.slf4j.org/codes.html#multiple_bindings for an explanation.
SLF4J: Actual provider is of type [ch.qos.logback.classic.spi.LogbackServiceProvider@79924b]
]]></system-err>
  </testcase>
</testsuite>